[GIN-debug] [WARNING] Creating an Engine instance with the Logger and Recovery middleware already attached.

[GIN-debug] [WARNING] Running in "debug" mode. Switch to "release" mode in production.
 - using env:	export GIN_MODE=release
 - using code:	gin.SetMode(gin.ReleaseMode)

[GIN-debug] Loaded HTML Templates (19): 
	- logs.tmpl
	- nodeinfo.tmpl
	- masterinfo.tmpl
	- optresult.tmpl
	- cluster.tmpl
	- clusterinfo.tmpl
	- clusterdel.tmpl
	- deleteschedule.tmpl
	- index.tmpl
	- login.tmpl
	- tools.tmpl
	- calendarscheduler.tmpl
	- clusteradd.tmpl
	- 404.html
	- favicon.ico
	- master.tmpl
	- node.tmpl
	- 
	- 403.html

[GIN-debug] GET    /static/*filepath         --> github.com/gin-gonic/gin.(*RouterGroup).createStaticHandler.func1 (3 handlers)
[GIN-debug] HEAD   /static/*filepath         --> github.com/gin-gonic/gin.(*RouterGroup).createStaticHandler.func1 (3 handlers)
[GIN-debug] GET    /                         --> kube-install/lib.DaemonRun.func1 (3 handlers)
[GIN-debug] POST   /login                    --> kube-install/lib.DaemonRun.func2 (3 handlers)
[GIN-debug] GET    /clusterlist              --> kube-install/lib.DaemonRun.func3 (3 handlers)
[GIN-debug] GET    /clusterinfo              --> kube-install/lib.DaemonRun.func4 (3 handlers)
[GIN-debug] GET    /clusteradd               --> kube-install/lib.DaemonRun.func5 (3 handlers)
[GIN-debug] GET    /clusterdel               --> kube-install/lib.DaemonRun.func6 (3 handlers)
[GIN-debug] GET    /deleteschedule           --> kube-install/lib.DaemonRun.func7 (3 handlers)
[GIN-debug] GET    /masteradmin              --> kube-install/lib.DaemonRun.func8 (3 handlers)
[GIN-debug] GET    /masterinfo               --> kube-install/lib.DaemonRun.func9 (3 handlers)
[GIN-debug] GET    /nodeadmin                --> kube-install/lib.DaemonRun.func10 (3 handlers)
[GIN-debug] GET    /nodeinfo                 --> kube-install/lib.DaemonRun.func11 (3 handlers)
[GIN-debug] GET    /nodeadd                  --> kube-install/lib.DaemonRun.func12 (3 handlers)
[GIN-debug] GET    /tools                    --> kube-install/lib.DaemonRun.func13 (3 handlers)
[GIN-debug] GET    /calendarscheduler        --> kube-install/lib.DaemonRun.func14 (3 handlers)
[GIN-debug] GET    /logs                     --> kube-install/lib.DaemonRun.func15 (3 handlers)
[GIN-debug] POST   /install                  --> kube-install/lib.DaemonRun.func16 (3 handlers)
[GIN-debug] POST   /rebuildmaster            --> kube-install/lib.DaemonRun.func17 (3 handlers)
[GIN-debug] POST   /delmaster                --> kube-install/lib.DaemonRun.func18 (3 handlers)
[GIN-debug] POST   /addnode                  --> kube-install/lib.DaemonRun.func19 (3 handlers)
[GIN-debug] POST   /delnode                  --> kube-install/lib.DaemonRun.func20 (3 handlers)
[GIN-debug] POST   /uninstall                --> kube-install/lib.DaemonRun.func21 (3 handlers)
[GIN-debug] POST   /deleteinstallschedule    --> kube-install/lib.DaemonRun.func22 (3 handlers)
[GIN-debug] POST   /sshkey                   --> kube-install/lib.DaemonRun.func23 (3 handlers)
[GIN-debug] Listening and serving HTTP on 0.0.0.0:9080
[GIN] 2021/08/23 - 16:30:27 | 200 |   36.622372ms |    10.57.237.10 | GET      "/masteradmin?label=12291&softdir=%2fopt%2fxxx%2fyyy&ostype=suse15&k8sver=1.17"
[GIN] 2021/08/23 - 16:30:27 | 304 |     249.241µs |    10.57.237.10 | GET      "/static/img/Icons/32/i_32_notinstall.png"
[GIN] 2021/08/23 - 16:30:27 | 304 |      66.569µs |    10.57.237.10 | GET      "/static/img/Icons/16/i_16_master.png"
[GIN] 2021/08/23 - 16:30:27 | 304 |      53.379µs |    10.57.237.10 | GET      "/static/img/Icons/32/i_32_unknow.png"
[GIN] 2021/08/23 - 16:30:27 | 200 |   35.332309ms |    10.57.237.10 | GET      "/clusterlist?label=12291&softdir=%2fopt%2fxxx%2fyyy&ostype=suse15&k8sver=1.17"
[GIN] 2021/08/23 - 16:30:27 | 304 |      80.598µs |    10.57.237.10 | GET      "/static/img/Icons/Preview/clock_disable.png"
[GIN] 2021/08/23 - 16:30:27 | 304 |      66.542µs |    10.57.237.10 | GET      "/static/img/Icons/32/i_32_notok.png"
