[GIN-debug] [WARNING] Creating an Engine instance with the Logger and Recovery middleware already attached.

[GIN-debug] [WARNING] Running in "debug" mode. Switch to "release" mode in production.
 - using env:	export GIN_MODE=release
 - using code:	gin.SetMode(gin.ReleaseMode)

[GIN-debug] Loaded HTML Templates (20): 
	- clusterdel.tmpl
	- clusterinfo.tmpl
	- index.tmpl
	- login.tmpl
	- master.tmpl
	- node.tmpl
	- userinfo.tmpl
	- logs.tmpl
	- masterinfo.tmpl
	- 403.html
	- 404.html
	- clusteradd.tmpl
	- loginset.tmpl
	- nodeinfo.tmpl
	- 
	- calendarscheduler.tmpl
	- cluster.tmpl
	- deleteschedule.tmpl
	- optresult.tmpl
	- tools.tmpl

[GIN-debug] GET    /static/*filepath         --> github.com/gin-gonic/gin.(*RouterGroup).createStaticHandler.func1 (3 handlers)
[GIN-debug] HEAD   /static/*filepath         --> github.com/gin-gonic/gin.(*RouterGroup).createStaticHandler.func1 (3 handlers)
[GIN-debug] GET    /                         --> kube-install/lib.DaemonRun.func1 (4 handlers)
[GIN-debug] GET    /login                    --> kube-install/lib.DaemonRun.func2 (4 handlers)
[GIN-debug] GET    /clusterlist              --> kube-install/lib.DaemonRun.func3 (4 handlers)
[GIN-debug] GET    /clusterinfo              --> kube-install/lib.DaemonRun.func4 (4 handlers)
[GIN-debug] GET    /clusteradd               --> kube-install/lib.DaemonRun.func5 (4 handlers)
[GIN-debug] GET    /clusterdel               --> kube-install/lib.DaemonRun.func6 (4 handlers)
[GIN-debug] GET    /deleteschedule           --> kube-install/lib.DaemonRun.func7 (4 handlers)
[GIN-debug] GET    /masteradmin              --> kube-install/lib.DaemonRun.func8 (4 handlers)
[GIN-debug] GET    /masterinfo               --> kube-install/lib.DaemonRun.func9 (4 handlers)
[GIN-debug] GET    /nodeadmin                --> kube-install/lib.DaemonRun.func10 (4 handlers)
[GIN-debug] GET    /nodeinfo                 --> kube-install/lib.DaemonRun.func11 (4 handlers)
[GIN-debug] GET    /nodeadd                  --> kube-install/lib.DaemonRun.func12 (4 handlers)
[GIN-debug] GET    /tools                    --> kube-install/lib.DaemonRun.func13 (4 handlers)
[GIN-debug] GET    /calendarscheduler        --> kube-install/lib.DaemonRun.func14 (4 handlers)
[GIN-debug] GET    /userinfo                 --> kube-install/lib.DaemonRun.func15 (4 handlers)
[GIN-debug] GET    /logs                     --> kube-install/lib.DaemonRun.func16 (4 handlers)
[GIN-debug] POST   /loginset                 --> kube-install/lib.DaemonRun.func17 (4 handlers)
[GIN-debug] GET    /logoutset                --> kube-install/lib.DaemonRun.func18 (4 handlers)
[GIN-debug] POST   /install                  --> kube-install/lib.DaemonRun.func19 (4 handlers)
[GIN-debug] POST   /rebuildmaster            --> kube-install/lib.DaemonRun.func20 (4 handlers)
[GIN-debug] POST   /delmaster                --> kube-install/lib.DaemonRun.func21 (4 handlers)
[GIN-debug] POST   /addnode                  --> kube-install/lib.DaemonRun.func22 (4 handlers)
[GIN-debug] POST   /delnode                  --> kube-install/lib.DaemonRun.func23 (4 handlers)
[GIN-debug] POST   /uninstall                --> kube-install/lib.DaemonRun.func24 (4 handlers)
[GIN-debug] POST   /deleteinstallschedule    --> kube-install/lib.DaemonRun.func25 (4 handlers)
[GIN-debug] POST   /changepw                 --> kube-install/lib.DaemonRun.func26 (4 handlers)
[GIN-debug] POST   /toolswitch               --> kube-install/lib.DaemonRun.func27 (4 handlers)
[GIN-debug] POST   /sshkey                   --> kube-install/lib.DaemonRun.func28 (4 handlers)
[GIN-debug] GET    /tty                      --> kube-install/lib.DaemonRun.func29 (4 handlers)
[GIN-debug] [WARNING] You trusted all proxies, this is NOT safe. We recommend you to set a value.
Please check https://pkg.go.dev/github.com/gin-gonic/gin#readme-don-t-trust-all-proxies for details.
[GIN-debug] Listening and serving HTTP on 0.0.0.0:9080
